<?xml version="1.0" encoding="UTF-8"?>
<!-- Generated by org.testng.reporters.JUnitXMLReporter -->
<testsuite ignored="0" hostname="Ultramining" failures="0" tests="6" name="Surefire test" time="96.649" errors="0" timestamp="2024-05-19T20:36:57 MSK">
  <testcase classname="test.GameHubTest" name="seartchGameNewsOnHub" time="6.184"/>
  <testcase classname="test.SteamChartsTest" name="seartchGameNewsOnHub" time="3.389"/>
  <testcase classname="test.SteamCommunityMarketTest" name="seartchItemOnMarket" time="5.946"/>
  <testcase classname="test.SteamCS2SearchTest" name="seartchItemOnMarket" time="6.96"/>
  <testcase classname="test.SteamGroupSearchTest" name="seartchGameNewsOnHub" time="4.33"/>
  <testcase classname="test.SteamProfileSearchTest" name="seartchGameNewsOnHub" time="5.53"/>
</testsuite> <!-- Surefire test -->
