-------------------------------------------------------------------------------
Test set: com.github.vitalliuss.helloci.AppTest
-------------------------------------------------------------------------------
<<<<<<< HEAD
Tests run: 5, Failures: 1, Errors: 0, Skipped: 1, Time elapsed: 0.078 s <<< FAILURE! - in com.github.vitalliuss.helloci.AppTest
testShouldBeFailed(com.github.vitalliuss.helloci.AppTest)  Time elapsed: 0.015 s  <<< FAILURE!
=======
Tests run: 5, Failures: 1, Errors: 0, Skipped: 1, Time elapsed: 0.042 s <<< FAILURE! - in com.github.vitalliuss.helloci.AppTest
testShouldBeFailed(com.github.vitalliuss.helloci.AppTest)  Time elapsed: 0.007 s  <<< FAILURE!
>>>>>>> 776f5d2096b5bd2a3080e60f0f2ec1cf97266321
java.lang.AssertionError
	at com.github.vitalliuss.helloci.AppTest.testShouldBeFailed(AppTest.java:21)

