<?xml version="1.0" encoding="UTF-8"?>
<<<<<<< HEAD
<testsuite xmlns:xsi="http://www.w3.org/2001/XMLSchema-instance" xsi:noNamespaceSchemaLocation="https://maven.apache.org/surefire/maven-surefire-plugin/xsd/surefire-test-report.xsd" name="com.github.vitalliuss.helloci.AppTest" time="0.078" tests="5" errors="0" skipped="1" failures="1">
=======
<testsuite xmlns:xsi="http://www.w3.org/2001/XMLSchema-instance" xsi:noNamespaceSchemaLocation="https://maven.apache.org/surefire/maven-surefire-plugin/xsd/surefire-test-report.xsd" name="com.github.vitalliuss.helloci.AppTest" time="0.042" tests="5" errors="0" skipped="1" failures="1">
>>>>>>> 776f5d2096b5bd2a3080e60f0f2ec1cf97266321
  <properties>
    <property name="java.specification.version" value="17"/>
    <property name="sun.cpu.isalist" value="amd64"/>
    <property name="sun.jnu.encoding" value="UTF-8"/>
<<<<<<< HEAD
    <property name="java.class.path" value="C:\Users\mdxbu\Labs\6SEM\testing\Testing6SEM\Lab5\Maven\Java\target\test-classes;C:\Users\mdxbu\Labs\6SEM\testing\Testing6SEM\Lab5\Maven\Java\target\classes;C:\Users\mdxbu\.m2\repository\junit\junit\4.11\junit-4.11.jar;C:\Users\mdxbu\.m2\repository\org\hamcrest\hamcrest-core\1.3\hamcrest-core-1.3.jar;"/>
=======
    <property name="java.class.path" value="C:\Users\mdxbu\Labs\6SEM\testing\Testing6SEM\Lab5\Java\target\test-classes;C:\Users\mdxbu\Labs\6SEM\testing\Testing6SEM\Lab5\Java\target\classes;C:\Users\mdxbu\.m2\repository\junit\junit\4.11\junit-4.11.jar;C:\Users\mdxbu\.m2\repository\org\hamcrest\hamcrest-core\1.3\hamcrest-core-1.3.jar;"/>
>>>>>>> 776f5d2096b5bd2a3080e60f0f2ec1cf97266321
    <property name="java.vm.vendor" value="Oracle Corporation"/>
    <property name="sun.arch.data.model" value="64"/>
    <property name="user.variant" value=""/>
    <property name="java.vendor.url" value="https://java.oracle.com/"/>
    <property name="user.timezone" value="Europe/Minsk"/>
    <property name="user.country.format" value="BY"/>
    <property name="os.name" value="Windows 11"/>
    <property name="java.vm.specification.version" value="17"/>
    <property name="sun.java.launcher" value="SUN_STANDARD"/>
    <property name="user.country" value="RU"/>
    <property name="sun.boot.library.path" value="C:\Program Files\Java\jdk-17\bin"/>
<<<<<<< HEAD
    <property name="sun.java.command" value="C:\Users\mdxbu\AppData\Local\Temp\surefire7702020525119992932\surefirebooter2175955064281183592.jar C:\Users\mdxbu\AppData\Local\Temp\surefire7702020525119992932 2024-03-20T22-03-09_525-jvmRun1 surefire1314098001684331632tmp surefire_017366412187281856672tmp"/>
    <property name="jdk.debug" value="release"/>
    <property name="surefire.test.class.path" value="C:\Users\mdxbu\Labs\6SEM\testing\Testing6SEM\Lab5\Maven\Java\target\test-classes;C:\Users\mdxbu\Labs\6SEM\testing\Testing6SEM\Lab5\Maven\Java\target\classes;C:\Users\mdxbu\.m2\repository\junit\junit\4.11\junit-4.11.jar;C:\Users\mdxbu\.m2\repository\org\hamcrest\hamcrest-core\1.3\hamcrest-core-1.3.jar;"/>
=======
    <property name="sun.java.command" value="C:\Users\mdxbu\AppData\Local\Temp\surefire16534226536212305875\surefirebooter2610706360840267540.jar C:\Users\mdxbu\AppData\Local\Temp\surefire16534226536212305875 2024-03-20T00-05-11_562-jvmRun1 surefire2893214145632997565tmp surefire_017121322015499460226tmp"/>
    <property name="jdk.debug" value="release"/>
    <property name="surefire.test.class.path" value="C:\Users\mdxbu\Labs\6SEM\testing\Testing6SEM\Lab5\Java\target\test-classes;C:\Users\mdxbu\Labs\6SEM\testing\Testing6SEM\Lab5\Java\target\classes;C:\Users\mdxbu\.m2\repository\junit\junit\4.11\junit-4.11.jar;C:\Users\mdxbu\.m2\repository\org\hamcrest\hamcrest-core\1.3\hamcrest-core-1.3.jar;"/>
>>>>>>> 776f5d2096b5bd2a3080e60f0f2ec1cf97266321
    <property name="sun.cpu.endian" value="little"/>
    <property name="user.home" value="C:\Users\mdxbu"/>
    <property name="user.language" value="ru"/>
    <property name="java.specification.vendor" value="Oracle Corporation"/>
    <property name="java.version.date" value="2023-01-17"/>
    <property name="java.home" value="C:\Program Files\Java\jdk-17"/>
    <property name="file.separator" value="\"/>
<<<<<<< HEAD
    <property name="basedir" value="C:\Users\mdxbu\Labs\6SEM\testing\Testing6SEM\Lab5\Maven\Java"/>
=======
    <property name="basedir" value="C:\Users\mdxbu\Labs\6SEM\testing\Testing6SEM\Lab5\Java"/>
>>>>>>> 776f5d2096b5bd2a3080e60f0f2ec1cf97266321
    <property name="java.vm.compressedOopsMode" value="Zero based"/>
    <property name="line.separator" value="&#10;"/>
    <property name="java.vm.specification.vendor" value="Oracle Corporation"/>
    <property name="java.specification.name" value="Java Platform API Specification"/>
<<<<<<< HEAD
    <property name="surefire.real.class.path" value="C:\Users\mdxbu\AppData\Local\Temp\surefire7702020525119992932\surefirebooter2175955064281183592.jar"/>
=======
    <property name="surefire.real.class.path" value="C:\Users\mdxbu\AppData\Local\Temp\surefire16534226536212305875\surefirebooter2610706360840267540.jar"/>
>>>>>>> 776f5d2096b5bd2a3080e60f0f2ec1cf97266321
    <property name="user.script" value=""/>
    <property name="sun.management.compiler" value="HotSpot 64-Bit Tiered Compilers"/>
    <property name="java.runtime.version" value="17.0.6+9-LTS-190"/>
    <property name="user.name" value="mdxbu"/>
    <property name="path.separator" value=";"/>
    <property name="os.version" value="10.0"/>
    <property name="java.runtime.name" value="Java(TM) SE Runtime Environment"/>
    <property name="file.encoding" value="UTF-8"/>
    <property name="java.vm.name" value="Java HotSpot(TM) 64-Bit Server VM"/>
    <property name="localRepository" value="C:\Users\mdxbu\.m2\repository"/>
    <property name="java.vendor.url.bug" value="https://bugreport.java.com/bugreport/"/>
    <property name="java.io.tmpdir" value="C:\Users\mdxbu\AppData\Local\Temp\"/>
    <property name="java.version" value="17.0.6"/>
<<<<<<< HEAD
    <property name="user.dir" value="C:\Users\mdxbu\Labs\6SEM\testing\Testing6SEM\Lab5\Maven\Java"/>
=======
    <property name="user.dir" value="C:\Users\mdxbu\Labs\6SEM\testing\Testing6SEM\Lab5\Java"/>
>>>>>>> 776f5d2096b5bd2a3080e60f0f2ec1cf97266321
    <property name="os.arch" value="amd64"/>
    <property name="java.vm.specification.name" value="Java Virtual Machine Specification"/>
    <property name="sun.os.patch.level" value=""/>
    <property name="native.encoding" value="UTF-8"/>
    <property name="java.library.path" value="C:\Program Files\Java\jdk-17\bin;C:\WINDOWS\Sun\Java\bin;C:\WINDOWS\system32;C:\WINDOWS;C:\Python311\Scripts\;C:\Python311\;C:\OracleDB\bin;C:\Program Files\Common Files\Oracle\Java\javapath;C:\Windows\system32;C:\Windows;C:\Windows\System32\Wbem;C:\Windows\System32\WindowsPowerShell\v1.0\;C:\Windows\System32\OpenSSH\;C:\Program Files (x86)\NVIDIA Corporation\PhysX\Common;C:\Program Files\NVIDIA Corporation\NVIDIA NvDLISR;C:\Program Files\dotnet\;C:\Program Files\Microsoft SQL Server\150\Tools\Binn\;C:\Program Files\Microsoft SQL Server\Client SDK\ODBC\170\Tools\Binn\;C:\Program Files\Git\cmd;C:\Program Files (x86)\Microsoft SQL Server\150\Tools\Binn\;C:\Program Files\Microsoft SQL Server\150\DTS\Binn\;C:\Program Files (x86)\Microsoft SQL Server\160\DTS\Binn\;C:\Program Files\Azure Data Studio\bin;C:\WINDOWS\system32;C:\WINDOWS;C:\WINDOWS\System32\Wbem;C:\WINDOWS\System32\WindowsPowerShell\v1.0\;C:\WINDOWS\System32\OpenSSH\;G:\MATLAB2022b\runtime\win64;G:\MATLAB2022b\bin;C:\Program Files\nodejs\;C:\ProgramData\chocolatey\bin;C:\Program Files (x86)\Windows Kits\10\Windows Performance Toolkit\;C:\Program Files\Docker\Docker\resources\bin;C:\flutter\flutter\bin;C:\Program Files\Graphviz\bin;C:\maven\apache-maven-3.9.6\bin;C:\Users\mdxbu\AppData\Local\Microsoft\WindowsApps;C:\Program Files\Azure Data Studio\bin;C:\Users\mdxbu\.dotnet\tools;C:\Users\mdxbu\AppData\Roaming\npm;C:\Program Files\Java\jdk-17\bin;C:\Program Files\sf\bin;C:\Users\mdxbu\AppData\Local\Programs\Microsoft VS Code\bin;C:\flutter\flutter\bin;C:\Program Files\Graphviz\bin;;."/>
    <property name="java.vm.info" value="mixed mode, sharing"/>
    <property name="java.vendor" value="Oracle Corporation"/>
    <property name="java.vm.version" value="17.0.6+9-LTS-190"/>
    <property name="sun.io.unicode.encoding" value="UnicodeLittle"/>
    <property name="java.class.version" value="61.0"/>
  </properties>
<<<<<<< HEAD
  <testcase name="testShouldBeFailed" classname="com.github.vitalliuss.helloci.AppTest" time="0.015">
=======
  <testcase name="testShouldBeFailed" classname="com.github.vitalliuss.helloci.AppTest" time="0.007">
>>>>>>> 776f5d2096b5bd2a3080e60f0f2ec1cf97266321
    <failure type="java.lang.AssertionError">java.lang.AssertionError
	at com.github.vitalliuss.helloci.AppTest.testShouldBeFailed(AppTest.java:21)
</failure>
  </testcase>
  <testcase name="testShouldBePassed" classname="com.github.vitalliuss.helloci.AppTest" time="0"/>
  <testcase name="testAnotherMethod" classname="com.github.vitalliuss.helloci.AppTest" time="0"/>
<<<<<<< HEAD
  <testcase name="testAnotherClass" classname="com.github.vitalliuss.helloci.AppTest" time="0"/>
=======
  <testcase name="testAnotherClass" classname="com.github.vitalliuss.helloci.AppTest" time="0.001"/>
>>>>>>> 776f5d2096b5bd2a3080e60f0f2ec1cf97266321
  <testcase name="testShouldBeSKipped" classname="com.github.vitalliuss.helloci.AppTest" time="0">
    <skipped message="Not implemented yet"/>
  </testcase>
</testsuite>