<?xml version="1.0" encoding="UTF-8"?>
<testsuite xmlns:xsi="http://www.w3.org/2001/XMLSchema-instance" xsi:noNamespaceSchemaLocation="https://maven.apache.org/surefire/maven-surefire-plugin/xsd/surefire-test-report-3.0.xsd" version="3.0" name="TestSuite" time="38.414" tests="2" errors="0" skipped="0" failures="0">
  <properties>
[...]
</properties>
  <testcase name="seartchItemOnMarket" classname="test.SteamCommunityMarketTest" time="3.145">
    <system-out><![CDATA[2024-05-15 19:32:44,396 INFO  [main] page.SteamCommunityMarketPage.openPage(SteamCommunityMarketPage.java:38) Steam Community market page is opened!
2024-05-15 19:32:44,645 INFO  [main] page.SteamCommunityMarketPage.writeItemTitle(SteamCommunityMarketPage.java:26) Item title has been written
2024-05-15 19:32:45,440 INFO  [main] page.SteamCommunityMarketPage.clickSearchItemButton(SteamCommunityMarketPage.java:31) Search button has been clicked
]]></system-out>
    <system-err><![CDATA[SLF4J: Failed to load class "org.slf4j.impl.StaticLoggerBinder".
SLF4J: Defaulting to no-operation (NOP) logger implementation
SLF4J: See http://www.slf4j.org/codes.html#StaticLoggerBinder for further details.
]]></system-err>
  </testcase>
  <testcase name="seartchItemOnMarket" classname="test.SteamCS2SearchTest" time="12.383">
    <system-out><![CDATA[2024-05-15 19:32:57,709 INFO  [main] page.SteamCS2SearchPage.openPage(SteamCS2SearchPage.java:41) Steam Market Search Page is opened!
2024-05-15 19:32:57,884 INFO  [main] page.SteamCS2SearchPage.writeItemTitle(SteamCS2SearchPage.java:27) Game title has been written
2024-05-15 19:33:08,045 INFO  [main] page.SteamCS2SearchPage.clickSearchItemButton(SteamCS2SearchPage.java:33) Redirecting to the game page...
]]></system-out>
  </testcase>
</testsuite>